<?xml version="1.0" encoding="utf-8"?><testsuite errors="0" failures="0" name="pytest" skipped="0" tests="2" time="0.550"><testcase classname="tests.test_potential" file="tests/test_potential.py" line="12" name="test_potential_gauss" time="0.001"></testcase><testcase classname="tests.test_potential" file="tests/test_potential.py" line="18" name="test_elastic_gauss" time="0.001"></testcase></testsuite>